<?xml version="1.0" encoding="UTF-8"?>
<testsuites name="jest tests" tests="2" failures="2" errors="0" time="2.214">
  <testsuite name="Supplier Contract Test" errors="0" failures="1" skipped="0" timestamp="2023-02-02T07:22:45" time="1.943" tests="1">
    <testcase classname="Supplier Contract Test response should matched with snapshots fail" name="Supplier Contract Test response should matched with snapshots fail" time="0.228">
      <failure>Error: expect(received).toMatchSnapshot(properties)

Snapshot name: `Supplier Contract Test response should matched with snapshots fail 1`

- Snapshot  - 1
+ Received  + 1

  Object {
-   &quot;code&quot;: Any&lt;Number&gt;,
+   &quot;code&quot;: Any&lt;String&gt;,
    &quot;message&quot;: Any&lt;String&gt;,
    &quot;status&quot;: Any&lt;Boolean&gt;,
  }
    at Object.&lt;anonymous&gt; (/Users/gigsaowanee/Documents/project/contract-test/src/jest-test/masterdata-fail.spec.ts:10:27)
    at processTicksAndRejections (node:internal/process/task_queues:95:5)</failure>
    </testcase>
  </testsuite>
  <testsuite name="Supplier Contract Test" errors="0" failures="1" skipped="0" timestamp="2023-02-02T07:22:45" time="1.99" tests="1">
    <testcase classname="Supplier Contract Test response should matched with snapshots success" name="Supplier Contract Test response should matched with snapshots success" time="0.267">
      <failure>Error: expect(received).toMatchSnapshot(properties)

Snapshot name: `Supplier Contract Test response should matched with snapshots success 1`

- Snapshot  - 1
+ Received  + 1

@@ -1,7 +1,7 @@
  Object {
-   &quot;active&quot;: Any&lt;String&gt;,
+   &quot;active&quot;: Any&lt;Number&gt;,
    &quot;description&quot;: Any&lt;String&gt;,
    &quot;id&quot;: Any&lt;Number&gt;,
    &quot;nameEN&quot;: Any&lt;String&gt;,
    &quot;nameTH&quot;: Any&lt;String&gt;,
    &quot;orderIndex&quot;: Any&lt;Number&gt;,
    at Object.&lt;anonymous&gt; (/Users/gigsaowanee/Documents/project/contract-test/src/jest-test/master-success.spec.ts:23:35)
    at processTicksAndRejections (node:internal/process/task_queues:95:5)</failure>
    </testcase>
  </testsuite>
</testsuites>